"../../../../../../Users/iikka/OneDrive/Asiakirjat/Unreal Projects/Yeet_Yourself/Content/YeetYourself/Maps/Level1End.uasset" 0
"../../../Engine/Content/Animation/DefaultAnimCurveCompressionSettings.uasset" 1
"../../../Engine/Content/Functions/Engine_MaterialFunctions01/Opacity/CameraDepthFade.uasset" 2
"../../../Engine/Content/EngineMaterials/T_Default_Material_Grid_M.uasset" 3
"../../../Engine/Content/EngineMaterials/T_Default_Material_Grid_N.uasset" 4
"../../../Engine/Content/EngineMaterials/WorldGridMaterial.uasset" 5
"../../../Engine/Content/ArtTools/RenderToTexture/Meshes/S_1_Unit_Plane.uasset" 6
"../../../Engine/Content/EditorLandscapeResources/DataLayer.uasset" 7
"../../../Engine/Content/EditorMaterials/GizmoMaterial.uasset" 8
"../../../Engine/Content/EditorMaterials/MAT_Groups_Toggle.uasset" 9
"../../../Engine/Content/EditorMaterials/MAT_Groups_Visibility.uasset" 10
"../../../Engine/Content/EditorMaterials/PreviewShadowIndicator.uasset" 11
"../../../Engine/Content/EditorMaterials/PreviewShadowIndicatorMaterial.uasset" 12
"../../../Engine/Content/EditorMaterials/MatineeGroups/MAT_ColorTrack.uasset" 13
"../../../Engine/Content/EditorMaterials/MatineeGroups/MAT_Groups_Anim.uasset" 14
"../../../Engine/Content/EditorMaterials/MatineeGroups/MAT_Groups_AudioMaster.uasset" 15
"../../../Engine/Content/EditorMaterials/MatineeGroups/MAT_Groups_Director.uasset" 16
"../../../Engine/Content/EditorMaterials/MatineeGroups/MAT_Groups_Event.uasset" 17
"../../../Engine/Content/EditorMaterials/MatineeGroups/MAT_Groups_Fade.uasset" 18
"../../../Engine/Content/EditorMaterials/MatineeGroups/MAT_Groups_Float.uasset" 19
"../../../Engine/Content/EditorMaterials/MatineeGroups/MAT_Groups_Move.uasset" 20
"../../../Engine/Content/EditorMaterials/MatineeGroups/MAT_Groups_Slomo.uasset" 21
"../../../Engine/Content/EditorMaterials/MatineeGroups/MAT_Groups_Sound.uasset" 22
"../../../Engine/Content/EditorMaterials/MatineeGroups/MAT_Groups_Vector.uasset" 23
"../../../Engine/Content/EditorMaterials/ParticleSystems/PSysThumbnail_NoImage.uasset" 24
"../../../Engine/Content/EditorMaterials/ParticleSystems/PSysThumbnail_OOD.uasset" 25
"../../../Engine/Content/EditorMaterials/Camera/CineMat.uasset" 26
"../../../Engine/Content/EditorMaterials/Camera/MI_CineMat_Rig.uasset" 27
"../../../Engine/Content/EditorMeshes/Camera/SM_CraneRig_Arm.uasset" 28
"../../../Engine/Content/EditorMeshes/Camera/SM_CraneRig_Base.uasset" 29
"../../../Engine/Content/EditorMeshes/Camera/SM_CraneRig_Body.uasset" 30
"../../../Engine/Content/EditorMeshes/Camera/SM_CraneRig_Mount.uasset" 31
"../../../Engine/Content/EditorMeshes/Camera/SM_RailRig_Mount.uasset" 32
"../../../Engine/Content/EditorMeshes/Camera/SM_RailRig_Track.uasset" 33
"../../../Engine/Content/EditorResources/BSPVertex.uasset" 34
"../../../Engine/Content/EditorResources/EmptyActor.uasset" 35
"../../../Engine/Content/EditorResources/S_Actor.uasset" 36
"../../../Engine/Content/EditorResources/S_Note.uasset" 37
"../../../Engine/Content/EditorResources/S_Solver.uasset" 38
"../../../Engine/Content/EditorResources/S_Trigger.uasset" 39
"../../../Engine/Content/EditorResources/LightIcons/S_LightError.uasset" 40
"../../../Engine/Content/EditorResources/SequenceRecorder/Countdown.uasset" 41
"../../../Engine/Content/EditorResources/SequenceRecorder/RecordingIndicator.uasset" 42
"../../../Engine/Content/EditorSounds/Notifications/CompileFailed.uasset" 43
"../../../Engine/Content/EditorSounds/Notifications/CompileFailed_Cue.uasset" 44
"../../../Engine/Content/EditorSounds/Notifications/CompileSuccess.uasset" 45
"../../../Engine/Content/EditorSounds/Notifications/CompileStart_Cue.uasset" 46
"../../../Engine/Content/EditorSounds/Notifications/CompileSuccess_Cue.uasset" 47
"../../../Engine/Content/EngineDamageTypes/DmgTypeBP_Environmental.uasset" 48
"../../../Engine/Content/EngineDebugMaterials/HeatmapGradient.uasset" 49
"../../../Engine/Content/EngineDebugMaterials/BoneWeightMaterial.uasset" 50
"../../../Engine/Content/EngineDebugMaterials/ClothMaterial.uasset" 51
"../../../Engine/Content/EngineDebugMaterials/ClothMaterial_WF.uasset" 52
"../../../Engine/Content/EngineDebugMaterials/DebugEditorMaterial.uasset" 53
"../../../Engine/Content/EngineDebugMaterials/DebugMeshMaterial.uasset" 54
"../../../Engine/Content/EngineDebugMaterials/GeomMaterial.uasset" 55
"../../../Engine/Content/EngineDebugMaterials/M_SimpleTranslucent.uasset" 56
"../../../Engine/Content/Functions/Engine_MaterialFunctions02/Utility/CameraDirectionVector.uasset" 57
"../../../Engine/Content/EngineDebugMaterials/VolumeToRender.uasset" 58
"../../../Engine/Content/EngineDebugMaterials/M_VolumeRenderSphereTracePP.uasset" 59
"../../../Engine/Content/EngineDebugMaterials/WireframeMaterial.uasset" 60
"../../../Engine/Content/EngineFonts/Faces/RobotoBold.uasset" 61
"../../../Engine/Content/EngineFonts/Faces/RobotoBoldItalic.uasset" 62
"../../../Engine/Content/EngineFonts/Faces/RobotoItalic.uasset" 63
"../../../Engine/Content/EngineFonts/Faces/RobotoLight.uasset" 64
"../../../Engine/Content/EngineFonts/Faces/RobotoRegular.uasset" 65
"../../../Engine/Content/EngineFonts/Roboto.uasset" 66
"../../../Engine/Content/EngineMaterials/BaseFlattenDiffuseMap.uasset" 67
"../../../Engine/Content/EngineMaterials/BaseFlattenEmissiveMap.uasset" 68
"../../../Engine/Content/EngineMaterials/BaseFlattenGrayscaleMap.uasset" 69
"../../../Engine/Content/EngineMaterials/BaseFlattenNormalMap.uasset" 70
"../../../Engine/Content/EngineMaterials/BaseFlattenMaterial.uasset" 71
"../../../Engine/Content/EngineMaterials/BlueNoise.uasset" 72
"../../../Engine/Content/EngineMaterials/DefaultBloomKernel.uasset" 73
"../../../Engine/Content/EngineMaterials/DefaultBokeh.uasset" 74
"../../../Engine/Content/EngineMaterials/DefaultDiffuse.uasset" 75
"../../../Engine/Content/EngineMaterials/DefaultDeferredDecalMaterial.uasset" 76
"../../../Engine/Content/EngineMaterials/DefaultLightFunctionMaterial.uasset" 77
"../../../Engine/Content/EngineMaterials/DefaultPhysicalMaterial.uasset" 78
"../../../Engine/Content/Functions/Engine_MaterialFunctions02/Utility/BreakOutFloat2Components.uasset" 79
"../../../Engine/Content/EngineMaterials/DefaultPostProcessMaterial.uasset" 80
"../../../Engine/Content/EngineFonts/RobotoDistanceField.uasset" 81
"../../../Engine/Content/EngineMaterials/DefaultTextMaterialOpaque.uasset" 82
"../../../Engine/Content/EngineMaterials/DefaultVirtualTextureMaterial.uasset" 83
"../../../Engine/Content/EngineMaterials/DefaultWhiteGrid.uasset" 84
"../../../Engine/Content/EngineMaterials/EditorBrushMaterial.uasset" 85
"../../../Engine/Content/EngineMaterials/DefaultWhiteGrid_Low.uasset" 86
"../../../Engine/Content/EngineMaterials/EmissiveMeshMaterial.uasset" 87
"../../../Engine/Content/EngineMaterials/Good64x64TilingNoiseHighFreq.uasset" 88
"../../../Engine/Content/EngineMaterials/MiniFont.uasset" 89
"../../../Engine/Content/EngineMaterials/InvalidLightmapSettings.uasset" 90
"../../../Engine/Content/EngineMaterials/M_InvalidLightmapSettings.uasset" 91
"../../../Engine/Content/Functions/Engine_MaterialFunctions02/WorldPositionOffset/CameraOffset.uasset" 92
"../../../Engine/Content/EngineMaterials/PhAT_JointLimitMaterial.uasset" 93
"../../../Engine/Content/EngineMaterials/PreintegratedSkinBRDF.uasset" 94
"../../../Engine/Content/EngineMaterials/RemoveSurfaceMaterial.uasset" 95
"../../../Engine/Content/EngineMaterials/WeightMapPlaceholderTexture.uasset" 96
"../../../Engine/Content/EngineResources/WhiteSquareTexture.uasset" 97
"../../../Engine/Content/EngineMaterials/Widget3DPassThrough.uasset" 98
"../../../Engine/Content/EngineMaterials/Widget3DPassThrough_Masked.uasset" 99
"../../../Engine/Content/EngineMaterials/Widget3DPassThrough_Opaque.uasset" 100
"../../../Engine/Content/EngineMaterials/Widget3DPassThrough_Masked_OneSided.uasset" 101
"../../../Engine/Content/EngineMaterials/Widget3DPassThrough_Opaque_OneSided.uasset" 102
"../../../Engine/Content/EngineMaterials/Widget3DPassThrough_Translucent.uasset" 103
"../../../Engine/Content/EngineMaterials/Widget3DPassThrough_Translucent_OneSided.uasset" 104
"../../../Engine/Content/EngineMaterials/DefaultMaterial.uasset" 105
"../../../Engine/Content/EngineMeshes/Cylinder.uasset" 106
"../../../Engine/Content/EngineMeshes/Sphere.uasset" 107
"../../../Engine/Content/EngineResources/Black.uasset" 108
"../../../Engine/Content/EngineResources/DefaultTexture.uasset" 109
"../../../Engine/Content/EngineResources/DefaultTextureCube.uasset" 110
"../../../Engine/Content/EngineResources/DefaultVolumeTexture2D.uasset" 111
"../../../Engine/Content/EngineResources/DefaultVolumeTexture.uasset" 112
"../../../Engine/Content/EngineResources/GradientTexture0.uasset" 113
"../../../Engine/Content/EngineSounds/Master.uasset" 114
"../../../Engine/Content/Functions/Engine_MaterialFunctions01/Shading/ConvertFromDiffSpec.uasset" 115
"../../../Engine/Content/Functions/Engine_MaterialFunctions01/Shading/PowerToRoughness.uasset" 116
"../../../Engine/Content/Maps/Templates/Thumbnails/Default.uasset" 117
"../../../Engine/Content/Maps/Templates/Thumbnails/VR-Basic.uasset" 118
"../../../Engine/Content/MobileResources/T_MobileControls_texture.uasset" 119
"../../../Engine/Content/MobileResources/T_MobileMenu2.uasset" 120
"../../../Engine/Content/MobileResources/HUD/AnalogHat.uasset" 121
"../../../Engine/Content/MobileResources/HUD/VirtualJoystick_Background.uasset" 122
"../../../Engine/Content/MobileResources/HUD/VirtualJoystick_Thumb.uasset" 123
"../../../Engine/Content/MobileResources/HUD/DefaultVirtualJoysticks.uasset" 124
"../../../Engine/Content/MobileResources/HUD/LeftVirtualJoystickOnly.uasset" 125
"../../../Engine/Content/MobileResources/HUD/MobileHUDButton1_off.uasset" 126
"../../../Engine/Content/MobileResources/HUD/MobileHUDButton1_on.uasset" 127
"../../../Engine/Content/MobileResources/HUD/MobileHUDButton2_off.uasset" 128
"../../../Engine/Content/MobileResources/HUD/MobileHUDButton2_on.uasset" 129
"../../../Engine/Content/MobileResources/HUD/MobileHUDButton3.uasset" 130
"../../../Engine/Content/MobileResources/HUD/MobileHUDButtonFire.uasset" 131
"../../../Engine/Content/MobileResources/HUD/MobileHUDDirectionPad.uasset" 132
"../../../Engine/Content/MobileResources/HUD/MobileHUDDirectionPad2.uasset" 133
"../../../Engine/Content/MobileResources/HUD/MobileHUDDirectionPad3.uasset" 134
"../../../Engine/Content/MobileResources/HUD/MobileHUDDirectionStick.uasset" 135
"../../../Engine/Content/MobileResources/HUD/T_Castle_ThumbstickInner.uasset" 136
"../../../Engine/Content/MobileResources/HUD/T_Castle_ThumbstickOutter.uasset" 137
"../../../Engine/Content/VREditor/LaserPointer/VR_LaserPower_01.uasset" 138
"../../../Engine/Content/VREditor/TransformGizmo/TransformGizmoMaterial.uasset" 139
"../../../Engine/Content/VREditor/TransformGizmo/TranslucentTransformGizmoMaterial.uasset" 140
"../../../Engine/Content/VREditor/TransformGizmo/BoundingBoxCorner.uasset" 141
"../../../Engine/Content/VREditor/TransformGizmo/BoundingBoxEdge.uasset" 142
"../../../Engine/Content/VREditor/TransformGizmo/PlaneTranslationHandle.uasset" 143
"../../../Engine/Content/VREditor/TransformGizmo/Main.uasset" 144
"../../../Engine/Content/VREditor/TransformGizmo/Xray.uasset" 145
"../../../Engine/Content/VREditor/TransformGizmo/SM_Sequencer_Key.uasset" 146
"../../../Engine/Content/VREditor/TransformGizmo/SM_Sequencer_Node.uasset" 147
"../../Plugins/2D/Paper2D/Content/PlaceholderTextures/DummySpriteTexture.uasset" 148
"../../Plugins/2D/Paper2D/Content/DummySprite.uasset" 149
"../../Plugins/2D/Paper2D/Content/DefaultPaperTerrainMaterial.uasset" 150
"../../Plugins/2D/Paper2D/Content/DummySpriteTexture.uasset" 151
"../../Plugins/2D/Paper2D/Content/DefaultSpriteMaterial.uasset" 152
"../../Plugins/2D/Paper2D/Content/MaskedUnlitSpriteMaterial.uasset" 153
"../../Plugins/2D/Paper2D/Content/OpaqueUnlitSpriteMaterial.uasset" 154
"../../Plugins/Runtime/Oculus/OculusVR/Content/OculusMR_RenderTarget.uasset" 155
"../../../Engine/Content/Functions/Engine_MaterialFunctions02/Utility/BreakOutFloat4Components.uasset" 156
"../../../Engine/Content/Functions/Engine_MaterialFunctions02/Utility/MakeFloat2.uasset" 157
"../../../Engine/Content/Functions/Engine_MaterialFunctions02/Utility/MakeFloat3.uasset" 158
"../../Plugins/Runtime/Oculus/OculusVR/Content/Materials/OculusMR_ChromaKey.uasset" 159
"../../Plugins/Runtime/Oculus/OculusVR/Content/Materials/OculusMR_ChromaKey_Lit.uasset" 160
"../../Plugins/Runtime/Oculus/OculusVR/Content/Materials/OculusMR_OpaqueColoredMaterial.uasset" 161
"../../Plugins/Runtime/Oculus/OculusVR/Content/Materials/OculusMR_WhiteMaterial.uasset" 162
"../../../../../../Users/iikka/OneDrive/Asiakirjat/Unreal Projects/Yeet_Yourself/Content/FirstPerson/Animations/Yeet/Yeet_Skeleton.uasset" 163
"../../../../../../Users/iikka/OneDrive/Asiakirjat/Unreal Projects/Yeet_Yourself/Content/FirstPerson/Animations/Yeet/YeetJump_End.uasset" 164
"../../../../../../Users/iikka/OneDrive/Asiakirjat/Unreal Projects/Yeet_Yourself/Content/FirstPerson/Animations/Yeet/YeetJump_Loop.uasset" 165
"../../../../../../Users/iikka/OneDrive/Asiakirjat/Unreal Projects/Yeet_Yourself/Content/FirstPerson/Animations/Yeet/YeetJump_Start.uasset" 166
"../../../../../../Users/iikka/OneDrive/Asiakirjat/Unreal Projects/Yeet_Yourself/Content/FirstPerson/Animations/Yeet/YeetYeet_3.uasset" 167
"../../../../../../Users/iikka/OneDrive/Asiakirjat/Unreal Projects/Yeet_Yourself/Content/FirstPerson/Animations/Yeet/YeetYoink_3.uasset" 168
"../../../../../../Users/iikka/OneDrive/Asiakirjat/Unreal Projects/Yeet_Yourself/Content/FirstPerson/Animations/Yeet/YeetIdle.uasset" 169
"../../../../../../Users/iikka/OneDrive/Asiakirjat/Unreal Projects/Yeet_Yourself/Content/FirstPerson/Animations/Yeet/YeetRunning.uasset" 170
"../../../../../../Users/iikka/OneDrive/Asiakirjat/Unreal Projects/Yeet_Yourself/Content/FirstPerson/Animations/Yeet/IdleRunBlendSpace_Yeet.uasset" 171
"../../../Engine/Content/EditorBlueprintResources/StandardMacros.uasset" 172
"../../../../../../Users/iikka/OneDrive/Asiakirjat/Unreal Projects/Yeet_Yourself/Content/FirstPerson/Animations/Yeet/YeetBp.uasset" 173
"../../../../../../Users/iikka/OneDrive/Asiakirjat/Unreal Projects/Yeet_Yourself/Content/YeetYourself/Blueprints/Saved.uasset" 174
"../../../../../../Users/iikka/OneDrive/Asiakirjat/Unreal Projects/Yeet_Yourself/Content/YeetYourself/Blueprints/YeetInstance.uasset" 175
"../../../../../../Users/iikka/OneDrive/Asiakirjat/Unreal Projects/Yeet_Yourself/Content/YeetYourself/Skybox/shadow.uasset" 176
"../../../../../../Users/iikka/OneDrive/Asiakirjat/Unreal Projects/Yeet_Yourself/Content/YeetYourself/Material/M_shadow.uasset" 177
"../../../../../../Users/iikka/OneDrive/Asiakirjat/Unreal Projects/Yeet_Yourself/Content/FirstPerson/Animations/Yeet/M_UE4Man_Body.uasset" 178
"../../../../../../Users/iikka/OneDrive/Asiakirjat/Unreal Projects/Yeet_Yourself/Content/FirstPerson/Animations/Yeet/Yeet_PhysicsAsset.uasset" 179
"../../../../../../Users/iikka/OneDrive/Asiakirjat/Unreal Projects/Yeet_Yourself/Content/FirstPerson/Animations/Yeet/Yeet.uasset" 180
"../../../../../../Users/iikka/OneDrive/Asiakirjat/Unreal Projects/Yeet_Yourself/Content/YeetYourself/Sounds/Yeet.uasset" 181
"../../../../../../Users/iikka/OneDrive/Asiakirjat/Unreal Projects/Yeet_Yourself/Content/YeetYourself/Sounds/Yoink.uasset" 182
"../../../Engine/Content/Functions/Engine_MaterialFunctions02/Utility/VectorToRadialValue.uasset" 183
"../../../../../../Users/iikka/OneDrive/Asiakirjat/Unreal Projects/Yeet_Yourself/Content/YeetYourself/UI/Progress/Progress_test1_White_Rounded-70x70.uasset" 184
"../../../../../../Users/iikka/OneDrive/Asiakirjat/Unreal Projects/Yeet_Yourself/Content/YeetYourself/UI/Progress/ProgressTriangle.uasset" 185
"../../../../../../Users/iikka/OneDrive/Asiakirjat/Unreal Projects/Yeet_Yourself/Content/YeetYourself/UI/Progress/YeetMeter.uasset" 186
"../../../../../../Users/iikka/OneDrive/Asiakirjat/Unreal Projects/Yeet_Yourself/Content/YeetYourself/UI/Progress/YoinkMeter.uasset" 187
"../../../../../../Users/iikka/OneDrive/Asiakirjat/Unreal Projects/Yeet_Yourself/Content/YeetYourself/UI/Crosshairs/Crosshair_White-Big.uasset" 188
"../../../../../../Users/iikka/OneDrive/Asiakirjat/Unreal Projects/Yeet_Yourself/Content/YeetYourself/UI/HUD.uasset" 189
"../../../../../../Users/iikka/OneDrive/Asiakirjat/Unreal Projects/Yeet_Yourself/Content/YeetYourself/UI/Options.uasset" 190
"../../../../../../Users/iikka/OneDrive/Asiakirjat/Unreal Projects/Yeet_Yourself/Content/YeetYourself/UI/MainMenu.uasset" 191
"../../../../../../Users/iikka/OneDrive/Asiakirjat/Unreal Projects/Yeet_Yourself/Content/YeetYourself/UI/LevelsPauseMenu.uasset" 192
"../../../../../../Users/iikka/OneDrive/Asiakirjat/Unreal Projects/Yeet_Yourself/Content/YeetYourself/UI/PauseMenu.uasset" 193
"../../../../../../Users/iikka/OneDrive/Asiakirjat/Unreal Projects/Yeet_Yourself/Content/FirstPersonBP/Blueprints/FirstPersonCharacter.uasset" 194
"../../../../../../Users/iikka/OneDrive/Asiakirjat/Unreal Projects/Yeet_Yourself/Content/FirstPersonBP/Blueprints/FirstPersonGameMode.uasset" 195
"../../../Engine/Content/VREditor/Fonts/VRText_RobotoLarge.uasset" 196
"../../../../../../Users/iikka/OneDrive/Asiakirjat/Unreal Projects/Yeet_Yourself/Content/YeetYourself/Maps/Hub_BuiltData.uasset" 197
"../../../Engine/Content/BasicShapes/BasicShapeMaterial.uasset" 198
"../../../Engine/Content/EngineMaterials/UnlitText.uasset" 199
"../../../../../../Users/iikka/OneDrive/Asiakirjat/Unreal Projects/Yeet_Yourself/Content/Geometry/Meshes/CubeMaterial.uasset" 200
"../../../../../../Users/iikka/OneDrive/Asiakirjat/Unreal Projects/Yeet_Yourself/Content/StarterContent/Materials/M_Glass.uasset" 201
"../../../../../../Users/iikka/OneDrive/Asiakirjat/Unreal Projects/Yeet_Yourself/Content/StarterContent/Textures/T_MacroVariation.uasset" 202
"../../../../../../Users/iikka/OneDrive/Asiakirjat/Unreal Projects/Yeet_Yourself/Content/StarterContent/Textures/T_Metal_Steel_D.uasset" 203
"../../../../../../Users/iikka/OneDrive/Asiakirjat/Unreal Projects/Yeet_Yourself/Content/StarterContent/Textures/T_Metal_Steel_N.uasset" 204
"../../../../../../Users/iikka/OneDrive/Asiakirjat/Unreal Projects/Yeet_Yourself/Content/StarterContent/Materials/M_Metal_Steel.uasset" 205
"../../../../../../Users/iikka/OneDrive/Asiakirjat/Unreal Projects/Yeet_Yourself/Content/YeetYourself/Material/M_Blackmat.uasset" 206
"../../../../../../Users/iikka/OneDrive/Asiakirjat/Unreal Projects/Yeet_Yourself/Content/YeetYourself/Material/M_brownmat.uasset" 207
"../../../../../../Users/iikka/OneDrive/Asiakirjat/Unreal Projects/Yeet_Yourself/Content/YeetYourself/Material/M_Greymat.uasset" 208
"../../../../../../Users/iikka/OneDrive/Asiakirjat/Unreal Projects/Yeet_Yourself/Content/YeetYourself/Material/M_whitemat.uasset" 209
"../../../Engine/Content/BasicShapes/Cone.uasset" 210
"../../../Engine/Content/BasicShapes/Cube.uasset" 211
"../../../../../../Users/iikka/OneDrive/Asiakirjat/Unreal Projects/Yeet_Yourself/Content/Geometry/Meshes/1M_Cube.uasset" 212
"../../../../../../Users/iikka/OneDrive/Asiakirjat/Unreal Projects/Yeet_Yourself/Content/StarterContent/Materials/M_Basic_Wall.uasset" 213
"../../../../../../Users/iikka/OneDrive/Asiakirjat/Unreal Projects/Yeet_Yourself/Content/StarterContent/Shapes/Shape_Cube.uasset" 214
"../../../../../../Users/iikka/OneDrive/Asiakirjat/Unreal Projects/Yeet_Yourself/Content/StarterContent/Shapes/Shape_Pipe_90.uasset" 215
"../../../../../../Users/iikka/OneDrive/Asiakirjat/Unreal Projects/Yeet_Yourself/Content/StarterContent/Shapes/Shape_Trim.uasset" 216
"../../../../../../Users/iikka/OneDrive/Asiakirjat/Unreal Projects/Yeet_Yourself/Content/StarterContent/Shapes/Shape_TriPyramid.uasset" 217
"../../../../../../Users/iikka/OneDrive/Asiakirjat/Unreal Projects/Yeet_Yourself/Content/StarterContent/Shapes/Shape_Wedge_B.uasset" 218
"../../../../../../Users/iikka/OneDrive/Asiakirjat/Unreal Projects/Yeet_Yourself/Content/YeetYourself/Maps/Hub.umap" 219
"../../../../../../Users/iikka/OneDrive/Asiakirjat/Unreal Projects/Yeet_Yourself/Content/YeetYourself/Maps/Level1-1_BuiltData.uasset" 220
"../../../../../../Users/iikka/OneDrive/Asiakirjat/Unreal Projects/Yeet_Yourself/Content/StarterContent/Textures/T_Statue_M.uasset" 221
"../../../../../../Users/iikka/OneDrive/Asiakirjat/Unreal Projects/Yeet_Yourself/Content/StarterContent/Textures/T_Statue_N.uasset" 222
"../../../../../../Users/iikka/OneDrive/Asiakirjat/Unreal Projects/Yeet_Yourself/Content/StarterContent/Props/Materials/M_StatueGlass.uasset" 223
"../../../../../../Users/iikka/OneDrive/Asiakirjat/Unreal Projects/Yeet_Yourself/Content/YeetYourself/Maps/Level1-1.umap" 224
"../../../../../../Users/iikka/OneDrive/Asiakirjat/Unreal Projects/Yeet_Yourself/Content/YeetYourself/Maps/Level1-2_BuiltData.uasset" 225
"../../../../../../Users/iikka/OneDrive/Asiakirjat/Unreal Projects/Yeet_Yourself/Content/YeetYourself/Material/M_World1Mat.uasset" 226
"../../../../../../Users/iikka/OneDrive/Asiakirjat/Unreal Projects/Yeet_Yourself/Content/YeetYourself/Maps/Level1-2.umap" 227
"../../../Engine/Content/EngineSky/C_Sky_Cloud_Color.uasset" 228
"../../../Engine/Content/EngineSky/C_Sky_Horizon_Color.uasset" 229
"../../../Engine/Content/EngineSky/C_Sky_Zenith_Color.uasset" 230
"../../../Engine/Content/EngineSky/T_Sky_Blue.uasset" 231
"../../../Engine/Content/EngineSky/T_Sky_Clouds_M.uasset" 232
"../../../Engine/Content/EngineSky/T_Sky_Stars.uasset" 233
"../../../Engine/Content/EngineSky/M_Sky_Panning_Clouds2.uasset" 234
"../../../Engine/Content/EngineSky/SM_SkySphere.uasset" 235
"../../../Engine/Content/EngineSky/BP_Sky_Sphere.uasset" 236
"../../../../../../Users/iikka/OneDrive/Asiakirjat/Unreal Projects/Yeet_Yourself/Content/YeetYourself/Maps/Level1-3_BuiltData.uasset" 237
"../../../../../../Users/iikka/OneDrive/Asiakirjat/Unreal Projects/Yeet_Yourself/Content/StarterContent/Architecture/Pillar_50x500.uasset" 238
"../../../../../../Users/iikka/OneDrive/Asiakirjat/Unreal Projects/Yeet_Yourself/Content/StarterContent/Shapes/Shape_Plane.uasset" 239
"../../../../../../Users/iikka/OneDrive/Asiakirjat/Unreal Projects/Yeet_Yourself/Content/YeetYourself/Maps/Level1-3.umap" 240
"../../../../../../Users/iikka/OneDrive/Asiakirjat/Unreal Projects/Yeet_Yourself/Content/YeetYourself/Maps/Level1-4_BuiltData.uasset" 241
"../../../../../../Users/iikka/OneDrive/Asiakirjat/Unreal Projects/Yeet_Yourself/Content/YeetYourself/Maps/Level1-4.umap" 242
"../../../../../../Users/iikka/OneDrive/Asiakirjat/Unreal Projects/Yeet_Yourself/Content/YeetYourself/Maps/Level1-5_BuiltData.uasset" 243
"../../../../../../Users/iikka/OneDrive/Asiakirjat/Unreal Projects/Yeet_Yourself/Content/YeetYourself/Maps/Level1-5.umap" 244
"../../../../../../Users/iikka/OneDrive/Asiakirjat/Unreal Projects/Yeet_Yourself/Content/YeetYourself/Maps/Level1-6_BuiltData.uasset" 245
"../../../../../../Users/iikka/OneDrive/Asiakirjat/Unreal Projects/Yeet_Yourself/Content/YeetYourself/Maps/Level1-6.umap" 246
"../../../../../../Users/iikka/OneDrive/Asiakirjat/Unreal Projects/Yeet_Yourself/Content/YeetYourself/Maps/Level1-7_BuiltData.uasset" 247
"../../../../../../Users/iikka/OneDrive/Asiakirjat/Unreal Projects/Yeet_Yourself/Content/YeetYourself/Maps/Level1-7.umap" 248
"../../../../../../Users/iikka/OneDrive/Asiakirjat/Unreal Projects/Yeet_Yourself/Content/YeetYourself/Maps/Level1-8_BuiltData.uasset" 249
"../../../../../../Users/iikka/OneDrive/Asiakirjat/Unreal Projects/Yeet_Yourself/Content/YeetYourself/Maps/Level1-8.umap" 250
"../../../../../../Users/iikka/OneDrive/Asiakirjat/Unreal Projects/Yeet_Yourself/Content/YeetYourself/Maps/Level1-9_BuiltData.uasset" 251
"../../../Engine/Content/BasicShapes/Cylinder.uasset" 252
"../../../../../../Users/iikka/OneDrive/Asiakirjat/Unreal Projects/Yeet_Yourself/Content/YeetYourself/Maps/Level1-9.umap" 253
"../../../../../../Users/iikka/OneDrive/Asiakirjat/Unreal Projects/Yeet_Yourself/Content/YeetYourself/Maps/Level2-1_BuiltData.uasset" 254
"../../../../../../Users/iikka/OneDrive/Asiakirjat/Unreal Projects/Yeet_Yourself/Content/YeetYourself/Material/M_World2.uasset" 255
"../../../Engine/Content/BasicShapes/Sphere.uasset" 256
"../../../../../../Users/iikka/OneDrive/Asiakirjat/Unreal Projects/Yeet_Yourself/Content/YeetYourself/Maps/Level2-1.umap" 257
"../../../../../../Users/iikka/OneDrive/Asiakirjat/Unreal Projects/Yeet_Yourself/Content/YeetYourself/Maps/Level2-2_BuiltData.uasset" 258
"../../../../../../Users/iikka/OneDrive/Asiakirjat/Unreal Projects/Yeet_Yourself/Content/YeetYourself/Maps/Level2-2.umap" 259
"../../../../../../Users/iikka/OneDrive/Asiakirjat/Unreal Projects/Yeet_Yourself/Content/YeetYourself/Maps/Level2-3_BuiltData.uasset" 260
"../../../../../../Users/iikka/OneDrive/Asiakirjat/Unreal Projects/Yeet_Yourself/Content/YeetYourself/Maps/Level2-3.umap" 261
"../../../../../../Users/iikka/OneDrive/Asiakirjat/Unreal Projects/Yeet_Yourself/Content/YeetYourself/Maps/Level2-4_BuiltData.uasset" 262
"../../../../../../Users/iikka/OneDrive/Asiakirjat/Unreal Projects/Yeet_Yourself/Content/YeetYourself/Maps/Level2-4.umap" 263
"../../../../../../Users/iikka/OneDrive/Asiakirjat/Unreal Projects/Yeet_Yourself/Content/YeetYourself/Maps/Level2-5_BuiltData.uasset" 264
"../../../../../../Users/iikka/OneDrive/Asiakirjat/Unreal Projects/Yeet_Yourself/Content/YeetYourself/Maps/Level2-5.umap" 265
"../../../../../../Users/iikka/OneDrive/Asiakirjat/Unreal Projects/Yeet_Yourself/Content/YeetYourself/Maps/Level2-6_BuiltData.uasset" 266
"../../../../../../Users/iikka/OneDrive/Asiakirjat/Unreal Projects/Yeet_Yourself/Content/YeetYourself/Maps/Level2-6.umap" 267
"../../../../../../Users/iikka/OneDrive/Asiakirjat/Unreal Projects/Yeet_Yourself/Content/YeetYourself/Maps/Level3-1_BuiltData.uasset" 268
"../../../../../../Users/iikka/OneDrive/Asiakirjat/Unreal Projects/Yeet_Yourself/Content/YeetYourself/Material/M_World3.uasset" 269
"../../../../../../Users/iikka/OneDrive/Asiakirjat/Unreal Projects/Yeet_Yourself/Content/YeetYourself/Maps/Level3-1.umap" 270
"../../../../../../Users/iikka/OneDrive/Asiakirjat/Unreal Projects/Yeet_Yourself/Content/YeetYourself/Maps/Level3-2_BuiltData.uasset" 271
"../../../Engine/Content/BasicShapes/Plane.uasset" 272
"../../../../../../Users/iikka/OneDrive/Asiakirjat/Unreal Projects/Yeet_Yourself/Content/YeetYourself/Maps/Level3-2.umap" 273
"../../../../../../Users/iikka/OneDrive/Asiakirjat/Unreal Projects/Yeet_Yourself/Content/YeetYourself/Maps/MainMenuScreen_BuiltData.uasset" 274
"../../../../../../Users/iikka/OneDrive/Asiakirjat/Unreal Projects/Yeet_Yourself/Content/YeetYourself/Maps/MainMenuScreen.umap" 275
"../../../Engine/Content/Maps/Entry_BuiltData.uasset" 276
"../../../Engine/Content/Maps/Entry.umap" 277
